# JRE version: Java(TM) SE Runtime Environment (8.0_66-b18) (build 1.8.0_66-b18)
# Java VM: Java HotSpot(TM) 64-Bit Server VM (25.66-b18 mixed mode windows-amd64 compressed oops)
Heap:
 PSYoungGen      total 221696K, used 36608K [0x00000000eab00000, 0x00000000f9e80000, 0x0000000100000000)
  eden space 203264K, 8% used [0x00000000eab00000,0x00000000ebcc05b8,0x00000000f7180000)
  from space 18432K, 99% used [0x00000000f8980000,0x00000000f9b7fb18,0x00000000f9b80000)
  to   space 23040K, 0% used [0x00000000f7180000,0x00000000f7180000,0x00000000f8800000)
 ParOldGen       total 70144K, used 27714K [0x00000000c0000000, 0x00000000c4480000, 0x00000000eab00000)
  object space 70144K, 39% used [0x00000000c0000000,0x00000000c1b10868,0x00000000c4480000)
 Metaspace       used 47103K, capacity 48118K, committed 48256K, reserved 1091584K
  class space    used 6441K, capacity 6762K, committed 6784K, reserved 1048576K
GC Heap History (10 events):
Event: 21.609 GC heap before
{Heap before GC invocations=6 (full 1):
 PSYoungGen      total 104960K, used 104956K [0x00000000eab00000, 0x00000000f3700000, 0x0000000100000000)
  eden space 99840K, 100% used [0x00000000eab00000,0x00000000f0c80000,0x00000000f0c80000)
  from space 5120K, 99% used [0x00000000f3200000,0x00000000f36ff098,0x00000000f3700000)
  to   space 5120K, 0% used [0x00000000f2d00000,0x00000000f2d00000,0x00000000f3200000)
 ParOldGen       total 70144K, used 13326K [0x00000000c0000000, 0x00000000c4480000, 0x00000000eab00000)
  object space 70144K, 18% used [0x00000000c0000000,0x00000000c0d03960,0x00000000c4480000)
 Metaspace       used 30426K, capacity 30936K, committed 31104K, reserved 1077248K
  class space    used 4088K, capacity 4212K, committed 4224K, reserved 1048576K
Event: 21.729 GC heap after
Heap after GC invocations=6 (full 1):
 PSYoungGen      total 138240K, used 5104K [0x00000000eab00000, 0x00000000f5380000, 0x0000000100000000)
  eden space 133120K, 0% used [0x00000000eab00000,0x00000000eab00000,0x00000000f2d00000)
  from space 5120K, 99% used [0x00000000f2d00000,0x00000000f31fc030,0x00000000f3200000)
  to   space 12288K, 0% used [0x00000000f4780000,0x00000000f4780000,0x00000000f5380000)
 ParOldGen       total 70144K, used 16251K [0x00000000c0000000, 0x00000000c4480000, 0x00000000eab00000)
  object space 70144K, 23% used [0x00000000c0000000,0x00000000c0fdef08,0x00000000c4480000)
 Metaspace       used 30426K, capacity 30936K, committed 31104K, reserved 1077248K
  class space    used 4088K, capacity 4212K, committed 4224K, reserved 1048576K
}
Event: 24.231 GC heap before
{Heap before GC invocations=7 (full 1):
 PSYoungGen      total 138240K, used 74712K [0x00000000eab00000, 0x00000000f5380000, 0x0000000100000000)
  eden space 133120K, 52% used [0x00000000eab00000,0x00000000eeefa2b8,0x00000000f2d00000)
  from space 5120K, 99% used [0x00000000f2d00000,0x00000000f31fc030,0x00000000f3200000)
  to   space 12288K, 0% used [0x00000000f4780000,0x00000000f4780000,0x00000000f5380000)
 ParOldGen       total 70144K, used 16251K [0x00000000c0000000, 0x00000000c4480000, 0x00000000eab00000)
  object space 70144K, 23% used [0x00000000c0000000,0x00000000c0fdef08,0x00000000c4480000)
 Metaspace       used 34714K, capacity 35290K, committed 35456K, reserved 1079296K
  class space    used 4689K, capacity 4867K, committed 4992K, reserved 1048576K
Event: 24.305 GC heap after
Heap after GC invocations=7 (full 1):
 PSYoungGen      total 157184K, used 12274K [0x00000000eab00000, 0x00000000f8c80000, 0x0000000100000000)
  eden space 144896K, 0% used [0x00000000eab00000,0x00000000eab00000,0x00000000f3880000)
  from space 12288K, 99% used [0x00000000f4780000,0x00000000f537cb10,0x00000000f5380000)
  to   space 15360K, 0% used [0x00000000f3880000,0x00000000f3880000,0x00000000f4780000)
 ParOldGen       total 70144K, used 17688K [0x00000000c0000000, 0x00000000c4480000, 0x00000000eab00000)
  object space 70144K, 25% used [0x00000000c0000000,0x00000000c1146320,0x00000000c4480000)
 Metaspace       used 34714K, capacity 35290K, committed 35456K, reserved 1079296K
  class space    used 4689K, capacity 4867K, committed 4992K, reserved 1048576K
}
Event: 24.305 GC heap before
{Heap before GC invocations=8 (full 2):
 PSYoungGen      total 157184K, used 12274K [0x00000000eab00000, 0x00000000f8c80000, 0x0000000100000000)
  eden space 144896K, 0% used [0x00000000eab00000,0x00000000eab00000,0x00000000f3880000)
  from space 12288K, 99% used [0x00000000f4780000,0x00000000f537cb10,0x00000000f5380000)
  to   space 15360K, 0% used [0x00000000f3880000,0x00000000f3880000,0x00000000f4780000)
 ParOldGen       total 70144K, used 17688K [0x00000000c0000000, 0x00000000c4480000, 0x00000000eab00000)
  object space 70144K, 25% used [0x00000000c0000000,0x00000000c1146320,0x00000000c4480000)
 Metaspace       used 34714K, capacity 35290K, committed 35456K, reserved 1079296K
  class space    used 4689K, capacity 4867K, committed 4992K, reserved 1048576K
Event: 24.649 GC heap after
Heap after GC invocations=8 (full 2):
 PSYoungGen      total 157184K, used 0K [0x00000000eab00000, 0x00000000f8c80000, 0x0000000100000000)
  eden space 144896K, 0% used [0x00000000eab00000,0x00000000eab00000,0x00000000f3880000)
  from space 12288K, 0% used [0x00000000f4780000,0x00000000f4780000,0x00000000f5380000)
  to   space 15360K, 0% used [0x00000000f3880000,0x00000000f3880000,0x00000000f4780000)
 ParOldGen       total 70144K, used 21361K [0x00000000c0000000, 0x00000000c4480000, 0x00000000eab00000)
  object space 70144K, 30% used [0x00000000c0000000,0x00000000c14dc430,0x00000000c4480000)
 Metaspace       used 34714K, capacity 35290K, committed 35456K, reserved 1079296K
  class space    used 4689K, capacity 4867K, committed 4992K, reserved 1048576K
}
Event: 34.478 GC heap before
{Heap before GC invocations=9 (full 2):
 PSYoungGen      total 157184K, used 144896K [0x00000000eab00000, 0x00000000f8c80000, 0x0000000100000000)
  eden space 144896K, 100% used [0x00000000eab00000,0x00000000f3880000,0x00000000f3880000)
  from space 12288K, 0% used [0x00000000f4780000,0x00000000f4780000,0x00000000f5380000)
  to   space 15360K, 0% used [0x00000000f3880000,0x00000000f3880000,0x00000000f4780000)
 ParOldGen       total 70144K, used 21361K [0x00000000c0000000, 0x00000000c4480000, 0x00000000eab00000)
  object space 70144K, 30% used [0x00000000c0000000,0x00000000c14dc430,0x00000000c4480000)
 Metaspace       used 43927K, capacity 44690K, committed 44928K, reserved 1087488K
  class space    used 6073K, capacity 6257K, committed 6272K, reserved 1048576K
Event: 34.534 GC heap after
Heap after GC invocations=9 (full 2):
 PSYoungGen      total 160256K, used 15359K [0x00000000eab00000, 0x00000000f9b80000, 0x0000000100000000)
  eden space 144896K, 0% used [0x00000000eab00000,0x00000000eab00000,0x00000000f3880000)
  from space 15360K, 99% used [0x00000000f3880000,0x00000000f477ff90,0x00000000f4780000)
  to   space 18432K, 0% used [0x00000000f8980000,0x00000000f8980000,0x00000000f9b80000)
 ParOldGen       total 70144K, used 23110K [0x00000000c0000000, 0x00000000c4480000, 0x00000000eab00000)
  object space 70144K, 32% used [0x00000000c0000000,0x00000000c1691ba8,0x00000000c4480000)
 Metaspace       used 43927K, capacity 44690K, committed 44928K, reserved 1087488K
  class space    used 6073K, capacity 6257K, committed 6272K, reserved 1048576K
}
Event: 63.104 GC heap before
{Heap before GC invocations=10 (full 2):
 PSYoungGen      total 160256K, used 160255K [0x00000000eab00000, 0x00000000f9b80000, 0x0000000100000000)
  eden space 144896K, 100% used [0x00000000eab00000,0x00000000f3880000,0x00000000f3880000)
  from space 15360K, 99% used [0x00000000f3880000,0x00000000f477ff90,0x00000000f4780000)
  to   space 18432K, 0% used [0x00000000f8980000,0x00000000f8980000,0x00000000f9b80000)
 ParOldGen       total 70144K, used 23110K [0x00000000c0000000, 0x00000000c4480000, 0x00000000eab00000)
  object space 70144K, 32% used [0x00000000c0000000,0x00000000c1691ba8,0x00000000c4480000)
 Metaspace       used 46982K, capacity 48054K, committed 48256K, reserved 1091584K
  class space    used 6434K, capacity 6762K, committed 6784K, reserved 1048576K
Event: 63.294 GC heap after
Heap after GC invocations=10 (full 2):
 PSYoungGen      total 221696K, used 18430K [0x00000000eab00000, 0x00000000f9e80000, 0x0000000100000000)
  eden space 203264K, 0% used [0x00000000eab00000,0x00000000eab00000,0x00000000f7180000)
  from space 18432K, 99% used [0x00000000f8980000,0x00000000f9b7fb18,0x00000000f9b80000)
  to   space 23040K, 0% used [0x00000000f7180000,0x00000000f7180000,0x00000000f8800000)
 ParOldGen       total 70144K, used 27714K [0x00000000c0000000, 0x00000000c4480000, 0x00000000eab00000)
  object space 70144K, 39% used [0x00000000c0000000,0x00000000c1b10868,0x00000000c4480000)
 Metaspace       used 46982K, capacity 48054K, committed 48256K, reserved 1091584K
  class space    used 6434K, capacity 6762K, committed 6784K, reserved 1048576K
}

