# JRE version: Java(TM) SE Runtime Environment (8.0_66-b18) (build 1.8.0_66-b18)
# Java VM: Java HotSpot(TM) 64-Bit Server VM (25.66-b18 mixed mode windows-amd64 compressed oops)
Heap:
 PSYoungGen      total 173056K, used 73255K [0x00000000eab00000, 0x00000000f6c00000, 0x0000000100000000)
  eden space 158720K, 37% used [0x00000000eab00000,0x00000000ee48d9a0,0x00000000f4600000)
  from space 14336K, 99% used [0x00000000f5000000,0x00000000f5dfc458,0x00000000f5e00000)
  to   space 11776K, 0% used [0x00000000f6080000,0x00000000f6080000,0x00000000f6c00000)
 ParOldGen       total 95232K, used 35396K [0x00000000c0000000, 0x00000000c5d00000, 0x00000000eab00000)
  object space 95232K, 37% used [0x00000000c0000000,0x00000000c2291198,0x00000000c5d00000)
 Metaspace       used 52870K, capacity 53908K, committed 54144K, reserved 1095680K
  class space    used 7159K, capacity 7476K, committed 7552K, reserved 1048576K
GC Heap History (10 events):
Event: 22.490 GC heap before
{Heap before GC invocations=7 (full 1):
 PSYoungGen      total 71680K, used 71673K [0x00000000eab00000, 0x00000000f2680000, 0x0000000100000000)
  eden space 66560K, 100% used [0x00000000eab00000,0x00000000eec00000,0x00000000eec00000)
  from space 5120K, 99% used [0x00000000eec00000,0x00000000ef0fe6f8,0x00000000ef100000)
  to   space 10752K, 0% used [0x00000000f1c00000,0x00000000f1c00000,0x00000000f2680000)
 ParOldGen       total 64000K, used 13558K [0x00000000c0000000, 0x00000000c3e80000, 0x00000000eab00000)
  object space 64000K, 21% used [0x00000000c0000000,0x00000000c0d3db58,0x00000000c3e80000)
 Metaspace       used 29445K, capacity 29916K, committed 30080K, reserved 1075200K
  class space    used 3984K, capacity 4106K, committed 4224K, reserved 1048576K
Event: 22.767 GC heap after
Heap after GC invocations=7 (full 1):
 PSYoungGen      total 116224K, used 6874K [0x00000000eab00000, 0x00000000f2a80000, 0x0000000100000000)
  eden space 105472K, 0% used [0x00000000eab00000,0x00000000eab00000,0x00000000f1200000)
  from space 10752K, 63% used [0x00000000f1c00000,0x00000000f22b6800,0x00000000f2680000)
  to   space 10240K, 0% used [0x00000000f1200000,0x00000000f1200000,0x00000000f1c00000)
 ParOldGen       total 64000K, used 13630K [0x00000000c0000000, 0x00000000c3e80000, 0x00000000eab00000)
  object space 64000K, 21% used [0x00000000c0000000,0x00000000c0d4fb68,0x00000000c3e80000)
 Metaspace       used 29445K, capacity 29916K, committed 30080K, reserved 1075200K
  class space    used 3984K, capacity 4106K, committed 4224K, reserved 1048576K
}
Event: 27.387 GC heap before
{Heap before GC invocations=8 (full 1):
 PSYoungGen      total 116224K, used 107130K [0x00000000eab00000, 0x00000000f2a80000, 0x0000000100000000)
  eden space 105472K, 95% used [0x00000000eab00000,0x00000000f0ce8358,0x00000000f1200000)
  from space 10752K, 63% used [0x00000000f1c00000,0x00000000f22b6800,0x00000000f2680000)
  to   space 10240K, 0% used [0x00000000f1200000,0x00000000f1200000,0x00000000f1c00000)
 ParOldGen       total 64000K, used 13630K [0x00000000c0000000, 0x00000000c3e80000, 0x00000000eab00000)
  object space 64000K, 21% used [0x00000000c0000000,0x00000000c0d4fb68,0x00000000c3e80000)
 Metaspace       used 34700K, capacity 35272K, committed 35496K, reserved 1079296K
  class space    used 4694K, capacity 4862K, committed 4864K, reserved 1048576K
Event: 27.464 GC heap after
Heap after GC invocations=8 (full 1):
 PSYoungGen      total 115712K, used 10214K [0x00000000eab00000, 0x00000000f6d80000, 0x0000000100000000)
  eden space 105472K, 0% used [0x00000000eab00000,0x00000000eab00000,0x00000000f1200000)
  from space 10240K, 99% used [0x00000000f1200000,0x00000000f1bf9ab8,0x00000000f1c00000)
  to   space 13312K, 0% used [0x00000000f6080000,0x00000000f6080000,0x00000000f6d80000)
 ParOldGen       total 64000K, used 17591K [0x00000000c0000000, 0x00000000c3e80000, 0x00000000eab00000)
  object space 64000K, 27% used [0x00000000c0000000,0x00000000c112dd80,0x00000000c3e80000)
 Metaspace       used 34700K, capacity 35272K, committed 35496K, reserved 1079296K
  class space    used 4694K, capacity 4862K, committed 4864K, reserved 1048576K
}
Event: 27.464 GC heap before
{Heap before GC invocations=9 (full 2):
 PSYoungGen      total 115712K, used 10214K [0x00000000eab00000, 0x00000000f6d80000, 0x0000000100000000)
  eden space 105472K, 0% used [0x00000000eab00000,0x00000000eab00000,0x00000000f1200000)
  from space 10240K, 99% used [0x00000000f1200000,0x00000000f1bf9ab8,0x00000000f1c00000)
  to   space 13312K, 0% used [0x00000000f6080000,0x00000000f6080000,0x00000000f6d80000)
 ParOldGen       total 64000K, used 17591K [0x00000000c0000000, 0x00000000c3e80000, 0x00000000eab00000)
  object space 64000K, 27% used [0x00000000c0000000,0x00000000c112dd80,0x00000000c3e80000)
 Metaspace       used 34700K, capacity 35272K, committed 35496K, reserved 1079296K
  class space    used 4694K, capacity 4862K, committed 4864K, reserved 1048576K
Event: 27.846 GC heap after
Heap after GC invocations=9 (full 2):
 PSYoungGen      total 115712K, used 0K [0x00000000eab00000, 0x00000000f6d80000, 0x0000000100000000)
  eden space 105472K, 0% used [0x00000000eab00000,0x00000000eab00000,0x00000000f1200000)
  from space 10240K, 0% used [0x00000000f1200000,0x00000000f1200000,0x00000000f1c00000)
  to   space 13312K, 0% used [0x00000000f6080000,0x00000000f6080000,0x00000000f6d80000)
 ParOldGen       total 95232K, used 21921K [0x00000000c0000000, 0x00000000c5d00000, 0x00000000eab00000)
  object space 95232K, 23% used [0x00000000c0000000,0x00000000c1568430,0x00000000c5d00000)
 Metaspace       used 34700K, capacity 35272K, committed 35496K, reserved 1079296K
  class space    used 4694K, capacity 4862K, committed 4864K, reserved 1048576K
}
Event: 33.751 GC heap before
{Heap before GC invocations=10 (full 2):
 PSYoungGen      total 115712K, used 105472K [0x00000000eab00000, 0x00000000f6d80000, 0x0000000100000000)
  eden space 105472K, 100% used [0x00000000eab00000,0x00000000f1200000,0x00000000f1200000)
  from space 10240K, 0% used [0x00000000f1200000,0x00000000f1200000,0x00000000f1c00000)
  to   space 13312K, 0% used [0x00000000f6080000,0x00000000f6080000,0x00000000f6d80000)
 ParOldGen       total 95232K, used 21921K [0x00000000c0000000, 0x00000000c5d00000, 0x00000000eab00000)
  object space 95232K, 23% used [0x00000000c0000000,0x00000000c1568430,0x00000000c5d00000)
 Metaspace       used 41512K, capacity 42306K, committed 42624K, reserved 1085440K
  class space    used 5701K, capacity 5896K, committed 6016K, reserved 1048576K
Event: 33.785 GC heap after
Heap after GC invocations=10 (full 2):
 PSYoungGen      total 170496K, used 11634K [0x00000000eab00000, 0x00000000f6c00000, 0x0000000100000000)
  eden space 158720K, 0% used [0x00000000eab00000,0x00000000eab00000,0x00000000f4600000)
  from space 11776K, 98% used [0x00000000f6080000,0x00000000f6bdcac8,0x00000000f6c00000)
  to   space 14336K, 0% used [0x00000000f5000000,0x00000000f5000000,0x00000000f5e00000)
 ParOldGen       total 95232K, used 21929K [0x00000000c0000000, 0x00000000c5d00000, 0x00000000eab00000)
  object space 95232K, 23% used [0x00000000c0000000,0x00000000c156a430,0x00000000c5d00000)
 Metaspace       used 41512K, capacity 42306K, committed 42624K, reserved 1085440K
  class space    used 5701K, capacity 5896K, committed 6016K, reserved 1048576K
}
Event: 57.343 GC heap before
{Heap before GC invocations=11 (full 2):
 PSYoungGen      total 170496K, used 170354K [0x00000000eab00000, 0x00000000f6c00000, 0x0000000100000000)
  eden space 158720K, 100% used [0x00000000eab00000,0x00000000f4600000,0x00000000f4600000)
  from space 11776K, 98% used [0x00000000f6080000,0x00000000f6bdcac8,0x00000000f6c00000)
  to   space 14336K, 0% used [0x00000000f5000000,0x00000000f5000000,0x00000000f5e00000)
 ParOldGen       total 95232K, used 21929K [0x00000000c0000000, 0x00000000c5d00000, 0x00000000eab00000)
  object space 95232K, 23% used [0x00000000c0000000,0x00000000c156a430,0x00000000c5d00000)
 Metaspace       used 50552K, capacity 51474K, committed 51840K, reserved 1093632K
  class space    used 6936K, capacity 7209K, committed 7296K, reserved 1048576K
Event: 57.432 GC heap after
Heap after GC invocations=11 (full 2):
 PSYoungGen      total 173056K, used 14321K [0x00000000eab00000, 0x00000000f6c00000, 0x0000000100000000)
  eden space 158720K, 0% used [0x00000000eab00000,0x00000000eab00000,0x00000000f4600000)
  from space 14336K, 99% used [0x00000000f5000000,0x00000000f5dfc458,0x00000000f5e00000)
  to   space 11776K, 0% used [0x00000000f6080000,0x00000000f6080000,0x00000000f6c00000)
 ParOldGen       total 95232K, used 35396K [0x00000000c0000000, 0x00000000c5d00000, 0x00000000eab00000)
  object space 95232K, 37% used [0x00000000c0000000,0x00000000c2291198,0x00000000c5d00000)
 Metaspace       used 50552K, capacity 51474K, committed 51840K, reserved 1093632K
  class space    used 6936K, capacity 7209K, committed 7296K, reserved 1048576K
}

