# JRE version: Java(TM) SE Runtime Environment (8.0_66-b18) (build 1.8.0_66-b18)
# Java VM: Java HotSpot(TM) 64-Bit Server VM (25.66-b18 mixed mode windows-amd64 compressed oops)
Heap:
 PSYoungGen      total 188928K, used 28128K [0x00000000eab00000, 0x00000000fcc00000, 0x0000000100000000)
  eden space 174080K, 7% used [0x00000000eab00000,0x00000000eb7fa1d0,0x00000000f5500000)
  from space 14848K, 99% used [0x00000000f5500000,0x00000000f637e058,0x00000000f6380000)
  to   space 18944K, 0% used [0x00000000fb980000,0x00000000fb980000,0x00000000fcc00000)
 ParOldGen       total 92672K, used 24198K [0x00000000c0000000, 0x00000000c5a80000, 0x00000000eab00000)
  object space 92672K, 26% used [0x00000000c0000000,0x00000000c17a1838,0x00000000c5a80000)
 Metaspace       used 44932K, capacity 45818K, committed 46208K, reserved 1089536K
  class space    used 6195K, capacity 6433K, committed 6528K, reserved 1048576K
GC Heap History (10 events):
Event: 18.716 GC heap before
{Heap before GC invocations=5 (full 1):
 PSYoungGen      total 71680K, used 66560K [0x00000000eab00000, 0x00000000f3700000, 0x0000000100000000)
  eden space 66560K, 100% used [0x00000000eab00000,0x00000000eec00000,0x00000000eec00000)
  from space 5120K, 0% used [0x00000000eec00000,0x00000000eec00000,0x00000000ef100000)
  to   space 5120K, 0% used [0x00000000f3200000,0x00000000f3200000,0x00000000f3700000)
 ParOldGen       total 64512K, used 12206K [0x00000000c0000000, 0x00000000c3f00000, 0x00000000eab00000)
  object space 64512K, 18% used [0x00000000c0000000,0x00000000c0beb910,0x00000000c3f00000)
 Metaspace       used 26641K, capacity 27116K, committed 27392K, reserved 1073152K
  class space    used 3627K, capacity 3766K, committed 3840K, reserved 1048576K
Event: 18.754 GC heap after
Heap after GC invocations=5 (full 1):
 PSYoungGen      total 115200K, used 5112K [0x00000000eab00000, 0x00000000f3700000, 0x0000000100000000)
  eden space 110080K, 0% used [0x00000000eab00000,0x00000000eab00000,0x00000000f1680000)
  from space 5120K, 99% used [0x00000000f3200000,0x00000000f36fe098,0x00000000f3700000)
  to   space 5120K, 0% used [0x00000000f2d00000,0x00000000f2d00000,0x00000000f3200000)
 ParOldGen       total 64512K, used 13442K [0x00000000c0000000, 0x00000000c3f00000, 0x00000000eab00000)
  object space 64512K, 20% used [0x00000000c0000000,0x00000000c0d20a28,0x00000000c3f00000)
 Metaspace       used 26641K, capacity 27116K, committed 27392K, reserved 1073152K
  class space    used 3627K, capacity 3766K, committed 3840K, reserved 1048576K
}
Event: 27.679 GC heap before
{Heap before GC invocations=6 (full 1):
 PSYoungGen      total 115200K, used 115192K [0x00000000eab00000, 0x00000000f3700000, 0x0000000100000000)
  eden space 110080K, 100% used [0x00000000eab00000,0x00000000f1680000,0x00000000f1680000)
  from space 5120K, 99% used [0x00000000f3200000,0x00000000f36fe098,0x00000000f3700000)
  to   space 5120K, 0% used [0x00000000f2d00000,0x00000000f2d00000,0x00000000f3200000)
 ParOldGen       total 64512K, used 13442K [0x00000000c0000000, 0x00000000c3f00000, 0x00000000eab00000)
  object space 64512K, 20% used [0x00000000c0000000,0x00000000c0d20a28,0x00000000c3f00000)
 Metaspace       used 31412K, capacity 32028K, committed 32384K, reserved 1077248K
  class space    used 4229K, capacity 4402K, committed 4480K, reserved 1048576K
Event: 27.715 GC heap after
Heap after GC invocations=6 (full 1):
 PSYoungGen      total 138240K, used 5092K [0x00000000eab00000, 0x00000000f7080000, 0x0000000100000000)
  eden space 133120K, 0% used [0x00000000eab00000,0x00000000eab00000,0x00000000f2d00000)
  from space 5120K, 99% used [0x00000000f2d00000,0x00000000f31f9030,0x00000000f3200000)
  to   space 13312K, 0% used [0x00000000f6380000,0x00000000f6380000,0x00000000f7080000)
 ParOldGen       total 64512K, used 17491K [0x00000000c0000000, 0x00000000c3f00000, 0x00000000eab00000)
  object space 64512K, 27% used [0x00000000c0000000,0x00000000c1114df8,0x00000000c3f00000)
 Metaspace       used 31412K, capacity 32028K, committed 32384K, reserved 1077248K
  class space    used 4229K, capacity 4402K, committed 4480K, reserved 1048576K
}
Event: 30.174 GC heap before
{Heap before GC invocations=7 (full 1):
 PSYoungGen      total 138240K, used 58971K [0x00000000eab00000, 0x00000000f7080000, 0x0000000100000000)
  eden space 133120K, 40% used [0x00000000eab00000,0x00000000edf9dc18,0x00000000f2d00000)
  from space 5120K, 99% used [0x00000000f2d00000,0x00000000f31f9030,0x00000000f3200000)
  to   space 13312K, 0% used [0x00000000f6380000,0x00000000f6380000,0x00000000f7080000)
 ParOldGen       total 64512K, used 17491K [0x00000000c0000000, 0x00000000c3f00000, 0x00000000eab00000)
  object space 64512K, 27% used [0x00000000c0000000,0x00000000c1114df8,0x00000000c3f00000)
 Metaspace       used 34717K, capacity 35308K, committed 35456K, reserved 1079296K
  class space    used 4709K, capacity 4894K, committed 4992K, reserved 1048576K
Event: 30.255 GC heap after
Heap after GC invocations=7 (full 1):
 PSYoungGen      total 187392K, used 12683K [0x00000000eab00000, 0x00000000f9b80000, 0x0000000100000000)
  eden space 174080K, 0% used [0x00000000eab00000,0x00000000eab00000,0x00000000f5500000)
  from space 13312K, 95% used [0x00000000f6380000,0x00000000f6fe2f88,0x00000000f7080000)
  to   space 14848K, 0% used [0x00000000f5500000,0x00000000f5500000,0x00000000f6380000)
 ParOldGen       total 64512K, used 17563K [0x00000000c0000000, 0x00000000c3f00000, 0x00000000eab00000)
  object space 64512K, 27% used [0x00000000c0000000,0x00000000c1126e08,0x00000000c3f00000)
 Metaspace       used 34717K, capacity 35308K, committed 35456K, reserved 1079296K
  class space    used 4709K, capacity 4894K, committed 4992K, reserved 1048576K
}
Event: 30.255 GC heap before
{Heap before GC invocations=8 (full 2):
 PSYoungGen      total 187392K, used 12683K [0x00000000eab00000, 0x00000000f9b80000, 0x0000000100000000)
  eden space 174080K, 0% used [0x00000000eab00000,0x00000000eab00000,0x00000000f5500000)
  from space 13312K, 95% used [0x00000000f6380000,0x00000000f6fe2f88,0x00000000f7080000)
  to   space 14848K, 0% used [0x00000000f5500000,0x00000000f5500000,0x00000000f6380000)
 ParOldGen       total 64512K, used 17563K [0x00000000c0000000, 0x00000000c3f00000, 0x00000000eab00000)
  object space 64512K, 27% used [0x00000000c0000000,0x00000000c1126e08,0x00000000c3f00000)
 Metaspace       used 34717K, capacity 35308K, committed 35456K, reserved 1079296K
  class space    used 4709K, capacity 4894K, committed 4992K, reserved 1048576K
Event: 30.711 GC heap after
Heap after GC invocations=8 (full 2):
 PSYoungGen      total 187392K, used 0K [0x00000000eab00000, 0x00000000f9b80000, 0x0000000100000000)
  eden space 174080K, 0% used [0x00000000eab00000,0x00000000eab00000,0x00000000f5500000)
  from space 13312K, 0% used [0x00000000f6380000,0x00000000f6380000,0x00000000f7080000)
  to   space 14848K, 0% used [0x00000000f5500000,0x00000000f5500000,0x00000000f6380000)
 ParOldGen       total 92672K, used 20762K [0x00000000c0000000, 0x00000000c5a80000, 0x00000000eab00000)
  object space 92672K, 22% used [0x00000000c0000000,0x00000000c1446ab8,0x00000000c5a80000)
 Metaspace       used 34717K, capacity 35308K, committed 35456K, reserved 1079296K
  class space    used 4709K, capacity 4894K, committed 4992K, reserved 1048576K
}
Event: 45.648 GC heap before
{Heap before GC invocations=9 (full 2):
 PSYoungGen      total 187392K, used 174080K [0x00000000eab00000, 0x00000000f9b80000, 0x0000000100000000)
  eden space 174080K, 100% used [0x00000000eab00000,0x00000000f5500000,0x00000000f5500000)
  from space 13312K, 0% used [0x00000000f6380000,0x00000000f6380000,0x00000000f7080000)
  to   space 14848K, 0% used [0x00000000f5500000,0x00000000f5500000,0x00000000f6380000)
 ParOldGen       total 92672K, used 20762K [0x00000000c0000000, 0x00000000c5a80000, 0x00000000eab00000)
  object space 92672K, 22% used [0x00000000c0000000,0x00000000c1446ab8,0x00000000c5a80000)
 Metaspace       used 44778K, capacity 45754K, committed 45952K, reserved 1089536K
  class space    used 6174K, capacity 6433K, committed 6528K, reserved 1048576K
Event: 45.742 GC heap after
Heap after GC invocations=9 (full 2):
 PSYoungGen      total 188928K, used 14840K [0x00000000eab00000, 0x00000000fcc00000, 0x0000000100000000)
  eden space 174080K, 0% used [0x00000000eab00000,0x00000000eab00000,0x00000000f5500000)
  from space 14848K, 99% used [0x00000000f5500000,0x00000000f637e058,0x00000000f6380000)
  to   space 18944K, 0% used [0x00000000fb980000,0x00000000fb980000,0x00000000fcc00000)
 ParOldGen       total 92672K, used 24198K [0x00000000c0000000, 0x00000000c5a80000, 0x00000000eab00000)
  object space 92672K, 26% used [0x00000000c0000000,0x00000000c17a1838,0x00000000c5a80000)
 Metaspace       used 44778K, capacity 45754K, committed 45952K, reserved 1089536K
  class space    used 6174K, capacity 6433K, committed 6528K, reserved 1048576K
}

